生成启动时间为 2014/10/23 13:29:12。
     1>项目“C:\Users\Administrator\documents\visual studio 2010\Projects\LabShell\ListenProcessDLL\ListenProcessDLL.vcxproj”在节点 2 上(build 个目标)。
     1>PrepareForBuild:
         正在创建目录“C:\Users\Administrator\documents\visual studio 2010\Projects\LabShell\Debug\”。
       InitializeBuildStatus:
         正在创建“Debug\ListenProcessDLL.unsuccessfulbuild”，因为已指定“AlwaysCreate”。
       ClCompile:
         C:\Program Files\Microsoft Visual Studio 10.0\VC\bin\CL.exe /c /ZI /nologo /W3 /WX- /Od /Oy- /D WIN32 /D _DEBUG /D _WINDOWS /D _USRDLL /D LISTENPROCESSDLL_EXPORTS /D _WINDLL /D _UNICODE /D UNICODE /Gm /EHsc /RTC1 /MDd /GS /fp:precise /Zc:wchar_t /Zc:forScope /Yc"StdAfx.h" /Fp"Debug\ListenProcessDLL.pch" /Fo"Debug\\" /Fd"Debug\vc100.pdb" /Gd /TP /analyze- /errorReport:prompt stdafx.cpp
         stdafx.cpp
         C:\Program Files\Microsoft Visual Studio 10.0\VC\bin\CL.exe /c /ZI /nologo /W3 /WX- /Od /Oy- /D WIN32 /D _DEBUG /D _WINDOWS /D _USRDLL /D LISTENPROCESSDLL_EXPORTS /D _WINDLL /D _UNICODE /D UNICODE /Gm /EHsc /RTC1 /MDd /GS /fp:precise /Zc:wchar_t /Zc:forScope /Fo"Debug\\" /Fd"Debug\vc100.pdb" /Gd /TP /analyze- /errorReport:prompt dllmain.cpp
         dllmain.cpp
         C:\Program Files\Microsoft Visual Studio 10.0\VC\bin\CL.exe /c /ZI /nologo /W3 /WX- /Od /Oy- /D WIN32 /D _DEBUG /D _WINDOWS /D _USRDLL /D LISTENPROCESSDLL_EXPORTS /D _WINDLL /D _UNICODE /D UNICODE /Gm /EHsc /RTC1 /MDd /GS /fp:precise /Zc:wchar_t /Zc:forScope /Yu"StdAfx.h" /Fp"Debug\ListenProcessDLL.pch" /Fo"Debug\\" /Fd"Debug\vc100.pdb" /Gd /TP /analyze- /errorReport:prompt ListenProcessDLL.cpp
         ListenProcessDLL.cpp
       ManifestResourceCompile:
         C:\Program Files\Microsoft SDKs\Windows\v7.0A\bin\rc.exe /nologo /fo"Debug\ListenProcessDLL.dll.embed.manifest.res" Debug\ListenProcessDLL_manifest.rc 
       Link:
         C:\Program Files\Microsoft Visual Studio 10.0\VC\bin\link.exe /ERRORREPORT:PROMPT /OUT:"C:\Users\Administrator\documents\visual studio 2010\Projects\LabShell\Debug\ListenProcessDLL.dll" /INCREMENTAL /NOLOGO kernel32.lib user32.lib gdi32.lib winspool.lib comdlg32.lib advapi32.lib shell32.lib ole32.lib oleaut32.lib uuid.lib odbc32.lib odbccp32.lib /MANIFEST /ManifestFile:"Debug\ListenProcessDLL.dll.intermediate.manifest" /MANIFESTUAC:"level='asInvoker' uiAccess='false'" /DEBUG /PDB:"C:\Users\Administrator\documents\visual studio 2010\Projects\LabShell\Debug\ListenProcessDLL.pdb" /SUBSYSTEM:WINDOWS /TLBID:1 /DYNAMICBASE /NXCOMPAT /IMPLIB:"C:\Users\Administrator\documents\visual studio 2010\Projects\LabShell\Debug\ListenProcessDLL.lib" /MACHINE:X86 /DLL Debug\ListenProcessDLL.dll.embed.manifest.res
         Debug\dllmain.obj
         Debug\ListenProcessDLL.obj
         Debug\stdafx.obj
            正在创建库 C:\Users\Administrator\documents\visual studio 2010\Projects\LabShell\Debug\ListenProcessDLL.lib 和对象 C:\Users\Administrator\documents\visual studio 2010\Projects\LabShell\Debug\ListenProcessDLL.exp
       Manifest:
         C:\Program Files\Microsoft SDKs\Windows\v7.0A\bin\mt.exe /nologo /verbose /out:"Debug\ListenProcessDLL.dll.embed.manifest" /manifest Debug\ListenProcessDLL.dll.intermediate.manifest
         C:\Program Files\Microsoft SDKs\Windows\v7.0A\bin\rc.exe /nologo /fo"Debug\ListenProcessDLL.dll.embed.manifest.res" Debug\ListenProcessDLL_manifest.rc 
       LinkEmbedManifest:
         C:\Program Files\Microsoft Visual Studio 10.0\VC\bin\link.exe /ERRORREPORT:PROMPT /OUT:"C:\Users\Administrator\documents\visual studio 2010\Projects\LabShell\Debug\ListenProcessDLL.dll" /INCREMENTAL /NOLOGO kernel32.lib user32.lib gdi32.lib winspool.lib comdlg32.lib advapi32.lib shell32.lib ole32.lib oleaut32.lib uuid.lib odbc32.lib odbccp32.lib /MANIFEST /ManifestFile:"Debug\ListenProcessDLL.dll.intermediate.manifest" /MANIFESTUAC:"level='asInvoker' uiAccess='false'" /DEBUG /PDB:"C:\Users\Administrator\documents\visual studio 2010\Projects\LabShell\Debug\ListenProcessDLL.pdb" /SUBSYSTEM:WINDOWS /TLBID:1 /DYNAMICBASE /NXCOMPAT /IMPLIB:"C:\Users\Administrator\documents\visual studio 2010\Projects\LabShell\Debug\ListenProcessDLL.lib" /MACHINE:X86 /DLL Debug\ListenProcessDLL.dll.embed.manifest.res
         Debug\dllmain.obj
         Debug\ListenProcessDLL.obj
         Debug\stdafx.obj
            正在创建库 C:\Users\Administrator\documents\visual studio 2010\Projects\LabShell\Debug\ListenProcessDLL.lib 和对象 C:\Users\Administrator\documents\visual studio 2010\Projects\LabShell\Debug\ListenProcessDLL.exp
         ListenProcessDLL.vcxproj -> C:\Users\Administrator\documents\visual studio 2010\Projects\LabShell\Debug\ListenProcessDLL.dll
       FinalizeBuildStatus:
         正在删除文件“Debug\ListenProcessDLL.unsuccessfulbuild”。
         正在对“Debug\ListenProcessDLL.lastbuildstate”执行 Touch 任务。
     1>已完成生成项目“C:\Users\Administrator\documents\visual studio 2010\Projects\LabShell\ListenProcessDLL\ListenProcessDLL.vcxproj”(build 个目标)的操作。

生成成功。

已用时间 00:00:14.18
